<?xml version="1.0" encoding="utf-8"?><testsuites name="pytest tests"><testsuite name="pytest" errors="0" failures="0" skipped="0" tests="19" time="7.893" timestamp="2026-04-03T16:25:09.625637+00:00" hostname="agent-env-f63bb999-43ea-47dd-9605-7e3641572426"><testcase classname="tests.test_auth_and_rooms.TestHealthCheck" name="test_api_root" time="0.243" /><testcase classname="tests.test_auth_and_rooms.TestAuthentication" name="test_login_success" time="0.677" /><testcase classname="tests.test_auth_and_rooms.TestAuthentication" name="test_login_invalid_credentials" time="0.118" /><testcase classname="tests.test_auth_and_rooms.TestAuthentication" name="test_login_invalid_password" time="0.378" /><testcase classname="tests.test_auth_and_rooms.TestAuthentication" name="test_get_me_without_auth" time="0.155" /><testcase classname="tests.test_auth_and_rooms.TestAuthentication" name="test_get_me_with_auth" time="0.381" /><testcase classname="tests.test_auth_and_rooms.TestAuthentication" name="test_logout" time="0.468" /><testcase classname="tests.test_auth_and_rooms.TestAdminRoomsCRUD" name="test_get_rooms_without_auth" time="0.104" /><testcase classname="tests.test_auth_and_rooms.TestAdminRoomsCRUD" name="test_get_rooms_with_auth" time="0.436" /><testcase classname="tests.test_auth_and_rooms.TestAdminRoomsCRUD" name="test_create_room" time="0.414" /><testcase classname="tests.test_auth_and_rooms.TestAdminRoomsCRUD" name="test_create_and_get_room" time="1.395" /><testcase classname="tests.test_auth_and_rooms.TestAdminRoomsCRUD" name="test_update_room" time="0.480" /><testcase classname="tests.test_auth_and_rooms.TestAdminRoomsCRUD" name="test_delete_room" time="0.525" /><testcase classname="tests.test_auth_and_rooms.TestAdminRoomsCRUD" name="test_update_nonexistent_room" time="0.393" /><testcase classname="tests.test_auth_and_rooms.TestPublicAPI" name="test_get_public_rooms" time="0.116" /><testcase classname="tests.test_auth_and_rooms.TestPublicAPI" name="test_get_public_hotel_info" time="0.136" /><testcase classname="tests.test_auth_and_rooms.TestPublicAPI" name="test_get_public_reviews" time="0.109" /><testcase classname="tests.test_auth_and_rooms.TestPublicAPI" name="test_get_public_gallery" time="0.182" /><testcase classname="tests.test_auth_and_rooms.TestBruteForceProtection" name="test_failed_login_recorded" time="0.944" /></testsuite></testsuites>